<?xml version="1.0" encoding="UTF-8"?>
<!-- Generated by org.testng.reporters.JUnitReportReporter -->
<testsuite hostname="DESKTOP-JHJR3MJ" failures="0" tests="3" name="com.saucedemo.tests.LoginTest" time="9.240" errors="0" timestamp="2022-06-22T16:28:37 EDT" skipped="0">
  <testcase classname="com.saucedemo.tests.LoginTest" name="verifyLogin" time="4.601"/>
  <system-out/>
  <testcase classname="com.saucedemo.tests.LoginTest" name="verifyLogin" time="4.631"/>
  <system-out/>
  <testcase classname="com.saucedemo.tests.LoginTest" name="LoginTest" time="0.008"/>
  <system-out/>
</testsuite> <!-- com.saucedemo.tests.LoginTest -->
